
ene. 08, 2020 16:47:23.10 NEW SESSION
ene. 08, 2020 16:47:23.11 Abriendo en una sesión existente del navegador

ene. 08, 2020 17:13:22.69 NEW SESSION
ene. 08, 2020 17:13:22.71 Abriendo en una sesión existente del navegador
ene. 08, 2020 17:14:00.78 Abriendo en una sesión existente del navegador
ene. 08, 2020 17:23:04.71 Abriendo en una sesión existente del navegador
ene. 08, 2020 17:25:40.08 Abriendo en una sesión existente del navegador
ene. 08, 2020 17:30:05.10 Abriendo en una sesión existente del navegador
ene. 08, 2020 17:32:33.55 Abriendo en una sesión existente del navegador

ene. 08, 2020 18:01:11.64 NEW SESSION
ene. 08, 2020 18:01:11.65 [11726:11726:0108/180111.646128:ERROR:gl_surface_presentation_helper.cc(259)] GetVSyncParametersIfAvailable() failed for 1 times!
ene. 08, 2020 18:01:19.22 [11726:11726:0108/180119.228546:ERROR:gl_surface_presentation_helper.cc(259)] GetVSyncParametersIfAvailable() failed for 2 times!
ene. 08, 2020 18:02:51.07 [11726:11726:0108/180251.074217:ERROR:gl_surface_presentation_helper.cc(259)] GetVSyncParametersIfAvailable() failed for 3 times!
ene. 08, 2020 18:02:51.09 [11726:11726:0108/180251.090115:ERROR:gl_surface_presentation_helper.cc(259)] GetVSyncParametersIfAvailable() failed for 4 times!
ene. 08, 2020 18:03:04.68 [11726:11726:0108/180304.679282:ERROR:gl_surface_presentation_helper.cc(259)] GetVSyncParametersIfAvailable() failed for 5 times!
ene. 08, 2020 18:03:06.68 [11726:11726:0108/180306.683479:ERROR:gl_surface_presentation_helper.cc(259)] GetVSyncParametersIfAvailable() failed for 6 times!
ene. 08, 2020 18:03:06.69 [11726:11726:0108/180306.692677:ERROR:gl_surface_presentation_helper.cc(259)] GetVSyncParametersIfAvailable() failed for 7 times!
ene. 08, 2020 18:03:17.54 [11726:11726:0108/180317.542402:ERROR:gl_surface_presentation_helper.cc(259)] GetVSyncParametersIfAvailable() failed for 8 times!
ene. 08, 2020 18:03:57.00 [11726:11726:0108/180357.004967:ERROR:gl_surface_presentation_helper.cc(259)] GetVSyncParametersIfAvailable() failed for 9 times!
ene. 08, 2020 18:04:20.98 [11726:11726:0108/180420.981029:ERROR:gl_surface_presentation_helper.cc(259)] GetVSyncParametersIfAvailable() failed for 10 times!
ene. 08, 2020 18:04:20.98 [11726:11726:0108/180420.986529:ERROR:gl_surface_presentation_helper.cc(259)] GetVSyncParametersIfAvailable() failed for 11 times!
ene. 08, 2020 18:04:21.00 [11726:11726:0108/180421.002105:ERROR:gl_surface_presentation_helper.cc(259)] GetVSyncParametersIfAvailable() failed for 12 times!
ene. 08, 2020 18:04:24.68 [11726:11726:0108/180424.687671:ERROR:gl_surface_presentation_helper.cc(259)] GetVSyncParametersIfAvailable() failed for 13 times!
ene. 08, 2020 18:04:26.36 [11726:11726:0108/180426.366501:ERROR:gl_surface_presentation_helper.cc(259)] GetVSyncParametersIfAvailable() failed for 14 times!
ene. 08, 2020 18:04:26.37 [11726:11726:0108/180426.370105:ERROR:gl_surface_presentation_helper.cc(259)] GetVSyncParametersIfAvailable() failed for 15 times!
ene. 08, 2020 18:04:36.47 [11726:11726:0108/180436.471376:ERROR:gl_surface_presentation_helper.cc(259)] GetVSyncParametersIfAvailable() failed for 16 times!
ene. 08, 2020 20:28:08.40 [20863:20863:0108/202808.400200:ERROR:gl_surface_presentation_helper.cc(259)] GetVSyncParametersIfAvailable() failed for 1 times!
ene. 08, 2020 20:28:08.41 [20863:20863:0108/202808.407977:ERROR:gl_surface_presentation_helper.cc(259)] GetVSyncParametersIfAvailable() failed for 2 times!
ene. 08, 2020 20:28:17.28 [20863:20863:0108/202817.280906:ERROR:gl_surface_presentation_helper.cc(259)] GetVSyncParametersIfAvailable() failed for 3 times!
ene. 08, 2020 20:28:21.16 [20863:20863:0108/202821.163564:ERROR:gl_surface_presentation_helper.cc(259)] GetVSyncParametersIfAvailable() failed for 4 times!
ene. 08, 2020 20:28:21.17 [20863:20863:0108/202821.173673:ERROR:gl_surface_presentation_helper.cc(259)] GetVSyncParametersIfAvailable() failed for 5 times!
ene. 08, 2020 20:32:32.86 [21308:21308:0108/203232.866331:ERROR:gl_surface_presentation_helper.cc(259)] GetVSyncParametersIfAvailable() failed for 1 times!
ene. 08, 2020 20:33:00.27 [21308:21308:0108/203300.275226:ERROR:gl_surface_presentation_helper.cc(259)] GetVSyncParametersIfAvailable() failed for 2 times!
ene. 08, 2020 20:33:00.28 [21308:21308:0108/203300.279630:ERROR:gl_surface_presentation_helper.cc(259)] GetVSyncParametersIfAvailable() failed for 3 times!
ene. 08, 2020 20:33:03.30 [21308:21308:0108/203303.300358:ERROR:gl_surface_presentation_helper.cc(259)] GetVSyncParametersIfAvailable() failed for 4 times!
ene. 08, 2020 20:33:03.31 [21308:21308:0108/203303.312930:ERROR:gl_surface_presentation_helper.cc(259)] GetVSyncParametersIfAvailable() failed for 5 times!
ene. 08, 2020 20:33:13.33 [21308:21308:0108/203313.336386:ERROR:gl_surface_presentation_helper.cc(259)] GetVSyncParametersIfAvailable() failed for 6 times!
ene. 08, 2020 20:36:29.68 Abriendo en una sesión existente del navegador
ene. 08, 2020 20:36:29.76 [21308:21308:0108/203629.766613:ERROR:gl_surface_presentation_helper.cc(259)] GetVSyncParametersIfAvailable() failed for 7 times!
ene. 08, 2020 20:36:29.77 [21308:21308:0108/203629.771440:ERROR:gl_surface_presentation_helper.cc(259)] GetVSyncParametersIfAvailable() failed for 8 times!
ene. 08, 2020 20:36:33.99 [21308:21308:0108/203633.992498:ERROR:gl_surface_presentation_helper.cc(259)] GetVSyncParametersIfAvailable() failed for 9 times!
ene. 08, 2020 20:39:35.08 [22105:22105:0108/203935.086787:ERROR:gl_surface_presentation_helper.cc(259)] GetVSyncParametersIfAvailable() failed for 1 times!
ene. 08, 2020 20:39:39.22 [22105:22105:0108/203939.226921:ERROR:gl_surface_presentation_helper.cc(259)] GetVSyncParametersIfAvailable() failed for 2 times!
ene. 08, 2020 20:39:39.23 [22105:22105:0108/203939.230312:ERROR:gl_surface_presentation_helper.cc(259)] GetVSyncParametersIfAvailable() failed for 3 times!
ene. 08, 2020 20:39:41.65 [22105:22105:0108/203941.659410:ERROR:gl_surface_presentation_helper.cc(259)] GetVSyncParametersIfAvailable() failed for 4 times!
ene. 08, 2020 20:39:41.66 [22105:22105:0108/203941.663531:ERROR:gl_surface_presentation_helper.cc(259)] GetVSyncParametersIfAvailable() failed for 5 times!
ene. 08, 2020 20:41:07.32 Abriendo en una sesión existente del navegador
ene. 08, 2020 20:41:07.41 [22105:22105:0108/204107.410364:ERROR:gl_surface_presentation_helper.cc(259)] GetVSyncParametersIfAvailable() failed for 6 times!
ene. 08, 2020 20:41:11.58 [22105:22105:0108/204111.588450:ERROR:gl_surface_presentation_helper.cc(259)] GetVSyncParametersIfAvailable() failed for 7 times!
ene. 08, 2020 20:41:19.94 [22105:22105:0108/204119.948563:ERROR:gl_surface_presentation_helper.cc(259)] GetVSyncParametersIfAvailable() failed for 8 times!
ene. 08, 2020 20:45:31.25 [22697:22697:0108/204531.259279:ERROR:gl_surface_presentation_helper.cc(259)] GetVSyncParametersIfAvailable() failed for 1 times!
ene. 08, 2020 20:45:31.26 [22697:22697:0108/204531.265913:ERROR:gl_surface_presentation_helper.cc(259)] GetVSyncParametersIfAvailable() failed for 2 times!
ene. 08, 2020 20:45:33.02 [22697:22697:0108/204533.019975:ERROR:gl_surface_presentation_helper.cc(259)] GetVSyncParametersIfAvailable() failed for 3 times!
ene. 08, 2020 20:45:36.47 [22697:22697:0108/204536.476320:ERROR:gl_surface_presentation_helper.cc(259)] GetVSyncParametersIfAvailable() failed for 4 times!
ene. 08, 2020 20:48:18.09 [23054:1:0108/204818.097463:ERROR:child_process_sandbox_support_impl_linux.cc(79)] FontService unique font name matching request did not receive a response.
ene. 08, 2020 20:48:18.09 [23054:1:0108/204818.098306:ERROR:child_process_sandbox_support_impl_linux.cc(79)] FontService unique font name matching request did not receive a response.
ene. 08, 2020 20:48:18.29 [23054:1:0108/204818.290327:ERROR:child_process_sandbox_support_impl_linux.cc(79)] FontService unique font name matching request did not receive a response.
ene. 08, 2020 20:48:18.29 [23054:1:0108/204818.291354:ERROR:child_process_sandbox_support_impl_linux.cc(79)] FontService unique font name matching request did not receive a response.
ene. 08, 2020 20:48:21.35 [23028:23028:0108/204821.354187:ERROR:gl_surface_presentation_helper.cc(259)] GetVSyncParametersIfAvailable() failed for 1 times!
ene. 08, 2020 20:48:27.45 [23028:23028:0108/204827.451059:ERROR:gl_surface_presentation_helper.cc(259)] GetVSyncParametersIfAvailable() failed for 2 times!
ene. 08, 2020 20:48:37.87 [23028:23028:0108/204837.874646:ERROR:gl_surface_presentation_helper.cc(259)] GetVSyncParametersIfAvailable() failed for 3 times!
ene. 08, 2020 20:48:53.01 [23028:23028:0108/204853.011965:ERROR:gl_surface_presentation_helper.cc(259)] GetVSyncParametersIfAvailable() failed for 4 times!
ene. 08, 2020 20:49:48.97 [23028:23028:0108/204948.969963:ERROR:gl_surface_presentation_helper.cc(259)] GetVSyncParametersIfAvailable() failed for 5 times!
ene. 08, 2020 20:49:48.97 [23028:23028:0108/204948.973004:ERROR:gl_surface_presentation_helper.cc(259)] GetVSyncParametersIfAvailable() failed for 6 times!
ene. 08, 2020 20:49:51.90 [23028:23028:0108/204951.906655:ERROR:gl_surface_presentation_helper.cc(259)] GetVSyncParametersIfAvailable() failed for 7 times!
ene. 08, 2020 20:49:56.42 [23028:23028:0108/204956.420463:ERROR:gl_surface_presentation_helper.cc(259)] GetVSyncParametersIfAvailable() failed for 8 times!
ene. 08, 2020 20:49:57.52 [23028:23028:0108/204957.529562:ERROR:gl_surface_presentation_helper.cc(259)] GetVSyncParametersIfAvailable() failed for 9 times!
ene. 08, 2020 20:49:57.53 [23028:23028:0108/204957.539548:ERROR:gl_surface_presentation_helper.cc(259)] GetVSyncParametersIfAvailable() failed for 10 times!
ene. 08, 2020 20:50:21.21 [23028:23028:0108/205021.217635:ERROR:gl_surface_presentation_helper.cc(259)] GetVSyncParametersIfAvailable() failed for 11 times!
ene. 08, 2020 20:50:21.22 [23028:23028:0108/205021.221641:ERROR:gl_surface_presentation_helper.cc(259)] GetVSyncParametersIfAvailable() failed for 12 times!
ene. 08, 2020 20:50:25.28 [23028:23028:0108/205025.289167:ERROR:gl_surface_presentation_helper.cc(259)] GetVSyncParametersIfAvailable() failed for 13 times!
ene. 08, 2020 20:50:32.90 [23028:23028:0108/205032.904379:ERROR:gl_surface_presentation_helper.cc(259)] GetVSyncParametersIfAvailable() failed for 14 times!
ene. 08, 2020 20:50:45.83 [23028:23028:0108/205045.838418:ERROR:gl_surface_presentation_helper.cc(259)] GetVSyncParametersIfAvailable() failed for 15 times!
ene. 08, 2020 20:50:54.24 [23028:23028:0108/205054.240439:ERROR:gl_surface_presentation_helper.cc(259)] GetVSyncParametersIfAvailable() failed for 16 times!
ene. 08, 2020 20:50:55.56 [23028:23028:0108/205055.564243:ERROR:gl_surface_presentation_helper.cc(259)] GetVSyncParametersIfAvailable() failed for 17 times!
ene. 08, 2020 20:50:55.57 [23028:23028:0108/205055.569862:ERROR:gl_surface_presentation_helper.cc(259)] GetVSyncParametersIfAvailable() failed for 18 times!
ene. 08, 2020 20:50:59.93 [23028:23028:0108/205059.931202:ERROR:gl_surface_presentation_helper.cc(259)] GetVSyncParametersIfAvailable() failed for 19 times!

ene. 09, 2020 09:37:34.33 NEW SESSION
ene. 09, 2020 09:37:34.34 [3109:3109:0109/093734.304994:ERROR:gl_surface_presentation_helper.cc(259)] GetVSyncParametersIfAvailable() failed for 1 times!
ene. 09, 2020 09:37:45.43 [3109:3109:0109/093745.430449:ERROR:gl_surface_presentation_helper.cc(259)] GetVSyncParametersIfAvailable() failed for 2 times!
ene. 09, 2020 09:37:46.95 [3071:3095:0109/093746.956406:ERROR:connection_factory_impl.cc(418)] Failed to connect to MCS endpoint with error -105
ene. 09, 2020 09:37:50.17 [3109:3109:0109/093750.176440:ERROR:gl_surface_presentation_helper.cc(259)] GetVSyncParametersIfAvailable() failed for 3 times!
ene. 09, 2020 09:37:54.21 [3109:3109:0109/093754.215690:ERROR:gl_surface_presentation_helper.cc(259)] GetVSyncParametersIfAvailable() failed for 4 times!
ene. 09, 2020 09:37:59.41 [3109:3109:0109/093759.410834:ERROR:gl_surface_presentation_helper.cc(259)] GetVSyncParametersIfAvailable() failed for 5 times!
ene. 09, 2020 09:38:09.03 [3109:3109:0109/093809.036769:ERROR:gl_surface_presentation_helper.cc(259)] GetVSyncParametersIfAvailable() failed for 6 times!
ene. 09, 2020 09:38:09.04 [3109:3109:0109/093809.042276:ERROR:gl_surface_presentation_helper.cc(259)] GetVSyncParametersIfAvailable() failed for 7 times!
ene. 09, 2020 09:38:09.04 [3109:3109:0109/093809.045582:ERROR:gl_surface_presentation_helper.cc(259)] GetVSyncParametersIfAvailable() failed for 8 times!
ene. 09, 2020 09:38:13.22 [3071:3095:0109/093813.220223:ERROR:connection_factory_impl.cc(418)] Failed to connect to MCS endpoint with error -105
ene. 09, 2020 09:38:23.46 [3109:3109:0109/093823.459623:ERROR:gl_surface_presentation_helper.cc(259)] GetVSyncParametersIfAvailable() failed for 9 times!
ene. 09, 2020 09:38:23.47 [3109:3109:0109/093823.474242:ERROR:gl_surface_presentation_helper.cc(259)] GetVSyncParametersIfAvailable() failed for 10 times!
ene. 09, 2020 09:38:24.49 [3071:3095:0109/093824.494777:ERROR:connection_factory_impl.cc(418)] Failed to connect to MCS endpoint with error -21
ene. 09, 2020 09:38:28.02 [3071:3095:0109/093828.025247:ERROR:connection_factory_impl.cc(418)] Failed to connect to MCS endpoint with error -105
ene. 09, 2020 09:38:32.24 [3109:3109:0109/093832.239606:ERROR:gl_surface_presentation_helper.cc(259)] GetVSyncParametersIfAvailable() failed for 11 times!
ene. 09, 2020 09:38:41.42 [3109:3109:0109/093841.419712:ERROR:gl_surface_presentation_helper.cc(259)] GetVSyncParametersIfAvailable() failed for 12 times!
ene. 09, 2020 09:38:41.42 [3109:3109:0109/093841.423311:ERROR:gl_surface_presentation_helper.cc(259)] GetVSyncParametersIfAvailable() failed for 13 times!
ene. 09, 2020 09:38:43.20 [3109:3109:0109/093843.208907:ERROR:gl_surface_presentation_helper.cc(259)] GetVSyncParametersIfAvailable() failed for 14 times!
ene. 09, 2020 09:38:47.24 [3109:3109:0109/093847.244156:ERROR:gl_surface_presentation_helper.cc(259)] GetVSyncParametersIfAvailable() failed for 15 times!
ene. 09, 2020 09:38:47.25 [3109:3109:0109/093847.256189:ERROR:gl_surface_presentation_helper.cc(259)] GetVSyncParametersIfAvailable() failed for 16 times!
ene. 09, 2020 09:38:50.13 [3109:3109:0109/093850.129766:ERROR:gl_surface_presentation_helper.cc(259)] GetVSyncParametersIfAvailable() failed for 17 times!
ene. 09, 2020 09:39:05.11 [3109:3109:0109/093905.115229:ERROR:gl_surface_presentation_helper.cc(259)] GetVSyncParametersIfAvailable() failed for 18 times!
ene. 09, 2020 09:39:11.65 [3109:3109:0109/093911.652608:ERROR:gl_surface_presentation_helper.cc(259)] GetVSyncParametersIfAvailable() failed for 19 times!
ene. 09, 2020 09:39:12.40 [3071:3095:0109/093912.401699:ERROR:connection_factory_impl.cc(418)] Failed to connect to MCS endpoint with error -105
ene. 09, 2020 09:39:21.00 [3140:1:0109/093921.001058:ERROR:child_process_sandbox_support_impl_linux.cc(79)] FontService unique font name matching request did not receive a response.
ene. 09, 2020 09:39:21.00 [3140:1:0109/093921.005071:ERROR:child_process_sandbox_support_impl_linux.cc(79)] FontService unique font name matching request did not receive a response.
ene. 09, 2020 09:39:21.05 [3140:1:0109/093921.052797:ERROR:child_process_sandbox_support_impl_linux.cc(79)] FontService unique font name matching request did not receive a response.
ene. 09, 2020 09:39:21.05 [3140:1:0109/093921.055527:ERROR:child_process_sandbox_support_impl_linux.cc(79)] FontService unique font name matching request did not receive a response.
ene. 09, 2020 09:39:56.62 [3071:3095:0109/093956.623329:ERROR:connection_factory_impl.cc(418)] Failed to connect to MCS endpoint with error -105
ene. 09, 2020 09:40:40.48 [3071:3095:0109/094040.483011:ERROR:connection_factory_impl.cc(418)] Failed to connect to MCS endpoint with error -106
ene. 09, 2020 09:41:16.28 [3071:3071:0109/094116.281981:ERROR:gcm_channel_status_request.cc(145)] GCM channel request failed.
ene. 09, 2020 09:41:37.09 [3071:3071:0109/094137.091689:ERROR:gcm_channel_status_request.cc(145)] GCM channel request failed.
ene. 09, 2020 09:42:25.97 [3071:3071:0109/094225.978186:ERROR:gcm_channel_status_request.cc(145)] GCM channel request failed.
ene. 09, 2020 09:43:59.89 Fontconfig error: Cannot load default config file
ene. 09, 2020 09:44:05.70 [3071:3071:0109/094405.704259:ERROR:gcm_channel_status_request.cc(145)] GCM channel request failed.
ene. 09, 2020 09:45:43.54 [3071:3095:0109/094543.545973:ERROR:connection_factory_impl.cc(418)] Failed to connect to MCS endpoint with error -105
ene. 09, 2020 09:46:26.70 [3071:3095:0109/094626.705144:ERROR:connection_factory_impl.cc(418)] Failed to connect to MCS endpoint with error -105
ene. 09, 2020 09:47:12.08 [3071:3095:0109/094712.079938:ERROR:connection_factory_impl.cc(418)] Failed to connect to MCS endpoint with error -105
ene. 09, 2020 09:47:15.59 [3071:3071:0109/094715.596819:ERROR:gcm_channel_status_request.cc(145)] GCM channel request failed.
ene. 09, 2020 09:47:56.88 [3071:3095:0109/094756.882592:ERROR:connection_factory_impl.cc(418)] Failed to connect to MCS endpoint with error -105
ene. 09, 2020 09:48:01.10 Fontconfig error: Cannot load default config file
ene. 09, 2020 09:48:40.49 [3071:3095:0109/094840.489629:ERROR:connection_factory_impl.cc(418)] Failed to connect to MCS endpoint with error -106
ene. 09, 2020 09:49:44.05 [3071:3095:0109/094944.058137:ERROR:connection_factory_impl.cc(418)] Failed to connect to MCS endpoint with error -105
ene. 09, 2020 09:50:24.97 [3071:3095:0109/095024.976672:ERROR:connection_factory_impl.cc(418)] Failed to connect to MCS endpoint with error -106
